<?xml version="1.0" encoding="UTF-8"?>
<testng-results skipped="0" failed="0" ignored="0" total="1" passed="1">
  <reporter-output>
  </reporter-output>
  <suite name="Default suite" duration-ms="50695" started-at="2019-11-29T06:13:16Z" finished-at="2019-11-29T06:14:06Z">
    <groups>
    </groups>
    <test name="Default test" duration-ms="50695" started-at="2019-11-29T06:13:16Z" finished-at="2019-11-29T06:14:06Z">
      <class name="Amazon.Cocoon1">
        <test-method status="PASS" signature="Cocoon1_monitor()[pri:0, instance:Amazon.Cocoon1@59f99ea]" name="Cocoon1_monitor" duration-ms="50662" started-at="2019-11-29T06:13:16Z" finished-at="2019-11-29T06:14:06Z">
          <reporter-output>
          </reporter-output>
        </test-method> <!-- Cocoon1_monitor -->
      </class> <!-- Amazon.Cocoon1 -->
    </test> <!-- Default test -->
  </suite> <!-- Default suite -->
</testng-results>
